# JRE version: OpenJDK Runtime Environment Temurin-21.0.10+7 (21.0.10+7) (build 21.0.10+7-LTS)
# Java VM: OpenJDK 64-Bit Server VM Temurin-21.0.10+7 (21.0.10+7-LTS, mixed mode, sharing, tiered, compressed oops, compressed class ptrs, parallel gc, windows-amd64)
GC Precious Log:
 CardTable entry size: 512
 CPUs: 12 total, 12 available
 Memory: 16057M
 Large Page Support: Disabled
 NUMA Support: Disabled
 Compressed Oops: Enabled (32-bit)
 Alignments: Space 512K, Generation 512K, Heap 2M
 Heap Min Capacity: 100M
 Heap Initial Capacity: 100M
 Heap Max Capacity: 2G
 Pre-touch: Disabled
 Parallel Workers: 10
Heap:
 PSYoungGen      total 8704K, used 2983K [0x00000000d5580000, 0x00000000d6180000, 0x0000000100000000)
  eden space 8192K, 32% used [0x00000000d5580000,0x00000000d5821c48,0x00000000d5d80000)
  from space 512K, 56% used [0x00000000d6100000,0x00000000d6148000,0x00000000d6180000)
  to   space 512K, 0% used [0x00000000d6080000,0x00000000d6080000,0x00000000d6100000)
 ParOldGen       total 217600K, used 217137K [0x0000000080000000, 0x000000008d480000, 0x00000000d5580000)
  object space 217600K, 99% used [0x0000000080000000,0x000000008d40c578,0x000000008d480000)
 Metaspace       used 78189K, committed 79680K, reserved 1179648K
  class space    used 7065K, committed 7872K, reserved 1048576K
GC Heap History (20 events):
Event: 554832.701 GC heap before
{Heap before GC invocations=1159 (full 4):
 PSYoungGen      total 8704K, used 8512K [0x00000000d5580000, 0x00000000d6180000, 0x0000000100000000)
  eden space 8192K, 100% used [0x00000000d5580000,0x00000000d5d80000,0x00000000d5d80000)
  from space 512K, 62% used [0x00000000d6100000,0x00000000d6150000,0x00000000d6180000)
  to   space 512K, 0% used [0x00000000d6080000,0x00000000d6080000,0x00000000d6100000)
 ParOldGen       total 216064K, used 215969K [0x0000000080000000, 0x000000008d300000, 0x00000000d5580000)
  object space 216064K, 99% used [0x0000000080000000,0x000000008d2e84c8,0x000000008d300000)
 Metaspace       used 78188K, committed 79680K, reserved 1179648K
  class space    used 7065K, committed 7872K, reserved 1048576K
}
Event: 554832.706 GC heap after
{Heap after GC invocations=1159 (full 4):
 PSYoungGen      total 8704K, used 416K [0x00000000d5580000, 0x00000000d6180000, 0x0000000100000000)
  eden space 8192K, 0% used [0x00000000d5580000,0x00000000d5580000,0x00000000d5d80000)
  from space 512K, 81% used [0x00000000d6080000,0x00000000d60e8000,0x00000000d6100000)
  to   space 512K, 0% used [0x00000000d6100000,0x00000000d6100000,0x00000000d6180000)
 ParOldGen       total 216576K, used 216065K [0x0000000080000000, 0x000000008d380000, 0x00000000d5580000)
  object space 216576K, 99% used [0x0000000080000000,0x000000008d3004c8,0x000000008d380000)
 Metaspace       used 78188K, committed 79680K, reserved 1179648K
  class space    used 7065K, committed 7872K, reserved 1048576K
}
Event: 555019.955 GC heap before
{Heap before GC invocations=1160 (full 4):
 PSYoungGen      total 8704K, used 8608K [0x00000000d5580000, 0x00000000d6180000, 0x0000000100000000)
  eden space 8192K, 100% used [0x00000000d5580000,0x00000000d5d80000,0x00000000d5d80000)
  from space 512K, 81% used [0x00000000d6080000,0x00000000d60e8000,0x00000000d6100000)
  to   space 512K, 0% used [0x00000000d6100000,0x00000000d6100000,0x00000000d6180000)
 ParOldGen       total 216576K, used 216065K [0x0000000080000000, 0x000000008d380000, 0x00000000d5580000)
  object space 216576K, 99% used [0x0000000080000000,0x000000008d3004c8,0x000000008d380000)
 Metaspace       used 78188K, committed 79680K, reserved 1179648K
  class space    used 7065K, committed 7872K, reserved 1048576K
}
Event: 555020.035 GC heap after
{Heap after GC invocations=1160 (full 4):
 PSYoungGen      total 8704K, used 448K [0x00000000d5580000, 0x00000000d6180000, 0x0000000100000000)
  eden space 8192K, 0% used [0x00000000d5580000,0x00000000d5580000,0x00000000d5d80000)
  from space 512K, 87% used [0x00000000d6100000,0x00000000d6170020,0x00000000d6180000)
  to   space 512K, 0% used [0x00000000d6080000,0x00000000d6080000,0x00000000d6100000)
 ParOldGen       total 216576K, used 216145K [0x0000000080000000, 0x000000008d380000, 0x00000000d5580000)
  object space 216576K, 99% used [0x0000000080000000,0x000000008d3144c8,0x000000008d380000)
 Metaspace       used 78188K, committed 79680K, reserved 1179648K
  class space    used 7065K, committed 7872K, reserved 1048576K
}
Event: 555378.658 GC heap before
{Heap before GC invocations=1161 (full 4):
 PSYoungGen      total 8704K, used 8640K [0x00000000d5580000, 0x00000000d6180000, 0x0000000100000000)
  eden space 8192K, 100% used [0x00000000d5580000,0x00000000d5d80000,0x00000000d5d80000)
  from space 512K, 87% used [0x00000000d6100000,0x00000000d6170020,0x00000000d6180000)
  to   space 512K, 0% used [0x00000000d6080000,0x00000000d6080000,0x00000000d6100000)
 ParOldGen       total 216576K, used 216145K [0x0000000080000000, 0x000000008d380000, 0x00000000d5580000)
  object space 216576K, 99% used [0x0000000080000000,0x000000008d3144c8,0x000000008d380000)
 Metaspace       used 78188K, committed 79680K, reserved 1179648K
  class space    used 7065K, committed 7872K, reserved 1048576K
}
Event: 555378.825 GC heap after
{Heap after GC invocations=1161 (full 4):
 PSYoungGen      total 8704K, used 384K [0x00000000d5580000, 0x00000000d6180000, 0x0000000100000000)
  eden space 8192K, 0% used [0x00000000d5580000,0x00000000d5580000,0x00000000d5d80000)
  from space 512K, 75% used [0x00000000d6080000,0x00000000d60e0000,0x00000000d6100000)
  to   space 512K, 0% used [0x00000000d6100000,0x00000000d6100000,0x00000000d6180000)
 ParOldGen       total 216576K, used 216265K [0x0000000080000000, 0x000000008d380000, 0x00000000d5580000)
  object space 216576K, 99% used [0x0000000080000000,0x000000008d3324f8,0x000000008d380000)
 Metaspace       used 78188K, committed 79680K, reserved 1179648K
  class space    used 7065K, committed 7872K, reserved 1048576K
}
Event: 555541.229 GC heap before
{Heap before GC invocations=1162 (full 4):
 PSYoungGen      total 8704K, used 8576K [0x00000000d5580000, 0x00000000d6180000, 0x0000000100000000)
  eden space 8192K, 100% used [0x00000000d5580000,0x00000000d5d80000,0x00000000d5d80000)
  from space 512K, 75% used [0x00000000d6080000,0x00000000d60e0000,0x00000000d6100000)
  to   space 512K, 0% used [0x00000000d6100000,0x00000000d6100000,0x00000000d6180000)
 ParOldGen       total 216576K, used 216265K [0x0000000080000000, 0x000000008d380000, 0x00000000d5580000)
  object space 216576K, 99% used [0x0000000080000000,0x000000008d3324f8,0x000000008d380000)
 Metaspace       used 78188K, committed 79680K, reserved 1179648K
  class space    used 7065K, committed 7872K, reserved 1048576K
}
Event: 555541.342 GC heap after
{Heap after GC invocations=1162 (full 4):
 PSYoungGen      total 8704K, used 256K [0x00000000d5580000, 0x00000000d6180000, 0x0000000100000000)
  eden space 8192K, 0% used [0x00000000d5580000,0x00000000d5580000,0x00000000d5d80000)
  from space 512K, 50% used [0x00000000d6100000,0x00000000d6140000,0x00000000d6180000)
  to   space 512K, 0% used [0x00000000d6080000,0x00000000d6080000,0x00000000d6100000)
 ParOldGen       total 216576K, used 216361K [0x0000000080000000, 0x000000008d380000, 0x00000000d5580000)
  object space 216576K, 99% used [0x0000000080000000,0x000000008d34a4f8,0x000000008d380000)
 Metaspace       used 78188K, committed 79680K, reserved 1179648K
  class space    used 7065K, committed 7872K, reserved 1048576K
}
Event: 555927.078 GC heap before
{Heap before GC invocations=1163 (full 4):
 PSYoungGen      total 8704K, used 8448K [0x00000000d5580000, 0x00000000d6180000, 0x0000000100000000)
  eden space 8192K, 100% used [0x00000000d5580000,0x00000000d5d80000,0x00000000d5d80000)
  from space 512K, 50% used [0x00000000d6100000,0x00000000d6140000,0x00000000d6180000)
  to   space 512K, 0% used [0x00000000d6080000,0x00000000d6080000,0x00000000d6100000)
 ParOldGen       total 216576K, used 216361K [0x0000000080000000, 0x000000008d380000, 0x00000000d5580000)
  object space 216576K, 99% used [0x0000000080000000,0x000000008d34a4f8,0x000000008d380000)
 Metaspace       used 78188K, committed 79680K, reserved 1179648K
  class space    used 7065K, committed 7872K, reserved 1048576K
}
Event: 555927.267 GC heap after
{Heap after GC invocations=1163 (full 4):
 PSYoungGen      total 8704K, used 448K [0x00000000d5580000, 0x00000000d6180000, 0x0000000100000000)
  eden space 8192K, 0% used [0x00000000d5580000,0x00000000d5580000,0x00000000d5d80000)
  from space 512K, 87% used [0x00000000d6080000,0x00000000d60f0020,0x00000000d6100000)
  to   space 512K, 0% used [0x00000000d6100000,0x00000000d6100000,0x00000000d6180000)
 ParOldGen       total 216576K, used 216409K [0x0000000080000000, 0x000000008d380000, 0x00000000d5580000)
  object space 216576K, 99% used [0x0000000080000000,0x000000008d3564f8,0x000000008d380000)
 Metaspace       used 78188K, committed 79680K, reserved 1179648K
  class space    used 7065K, committed 7872K, reserved 1048576K
}
Event: 555928.302 GC heap before
{Heap before GC invocations=1164 (full 4):
 PSYoungGen      total 8704K, used 8640K [0x00000000d5580000, 0x00000000d6180000, 0x0000000100000000)
  eden space 8192K, 100% used [0x00000000d5580000,0x00000000d5d80000,0x00000000d5d80000)
  from space 512K, 87% used [0x00000000d6080000,0x00000000d60f0020,0x00000000d6100000)
  to   space 512K, 0% used [0x00000000d6100000,0x00000000d6100000,0x00000000d6180000)
 ParOldGen       total 216576K, used 216409K [0x0000000080000000, 0x000000008d380000, 0x00000000d5580000)
  object space 216576K, 99% used [0x0000000080000000,0x000000008d3564f8,0x000000008d380000)
 Metaspace       used 78188K, committed 79680K, reserved 1179648K
  class space    used 7065K, committed 7872K, reserved 1048576K
}
Event: 555928.306 GC heap after
{Heap after GC invocations=1164 (full 4):
 PSYoungGen      total 8704K, used 320K [0x00000000d5580000, 0x00000000d6180000, 0x0000000100000000)
  eden space 8192K, 0% used [0x00000000d5580000,0x00000000d5580000,0x00000000d5d80000)
  from space 512K, 62% used [0x00000000d6100000,0x00000000d6150000,0x00000000d6180000)
  to   space 512K, 0% used [0x00000000d6080000,0x00000000d6080000,0x00000000d6100000)
 ParOldGen       total 217088K, used 216669K [0x0000000080000000, 0x000000008d400000, 0x00000000d5580000)
  object space 217088K, 99% used [0x0000000080000000,0x000000008d397538,0x000000008d400000)
 Metaspace       used 78188K, committed 79680K, reserved 1179648K
  class space    used 7065K, committed 7872K, reserved 1048576K
}
Event: 555988.104 GC heap before
{Heap before GC invocations=1165 (full 4):
 PSYoungGen      total 8704K, used 8512K [0x00000000d5580000, 0x00000000d6180000, 0x0000000100000000)
  eden space 8192K, 100% used [0x00000000d5580000,0x00000000d5d80000,0x00000000d5d80000)
  from space 512K, 62% used [0x00000000d6100000,0x00000000d6150000,0x00000000d6180000)
  to   space 512K, 0% used [0x00000000d6080000,0x00000000d6080000,0x00000000d6100000)
 ParOldGen       total 217088K, used 216669K [0x0000000080000000, 0x000000008d400000, 0x00000000d5580000)
  object space 217088K, 99% used [0x0000000080000000,0x000000008d397538,0x000000008d400000)
 Metaspace       used 78188K, committed 79680K, reserved 1179648K
  class space    used 7065K, committed 7872K, reserved 1048576K
}
Event: 555988.198 GC heap after
{Heap after GC invocations=1165 (full 4):
 PSYoungGen      total 8704K, used 480K [0x00000000d5580000, 0x00000000d6180000, 0x0000000100000000)
  eden space 8192K, 0% used [0x00000000d5580000,0x00000000d5580000,0x00000000d5d80000)
  from space 512K, 93% used [0x00000000d6080000,0x00000000d60f8020,0x00000000d6100000)
  to   space 512K, 0% used [0x00000000d6100000,0x00000000d6100000,0x00000000d6180000)
 ParOldGen       total 217088K, used 216709K [0x0000000080000000, 0x000000008d400000, 0x00000000d5580000)
  object space 217088K, 99% used [0x0000000080000000,0x000000008d3a1538,0x000000008d400000)
 Metaspace       used 78188K, committed 79680K, reserved 1179648K
  class space    used 7065K, committed 7872K, reserved 1048576K
}
Event: 556225.947 GC heap before
{Heap before GC invocations=1166 (full 4):
 PSYoungGen      total 8704K, used 8672K [0x00000000d5580000, 0x00000000d6180000, 0x0000000100000000)
  eden space 8192K, 100% used [0x00000000d5580000,0x00000000d5d80000,0x00000000d5d80000)
  from space 512K, 93% used [0x00000000d6080000,0x00000000d60f8020,0x00000000d6100000)
  to   space 512K, 0% used [0x00000000d6100000,0x00000000d6100000,0x00000000d6180000)
 ParOldGen       total 217088K, used 216709K [0x0000000080000000, 0x000000008d400000, 0x00000000d5580000)
  object space 217088K, 99% used [0x0000000080000000,0x000000008d3a1538,0x000000008d400000)
 Metaspace       used 78188K, committed 79680K, reserved 1179648K
  class space    used 7065K, committed 7872K, reserved 1048576K
}
Event: 556226.040 GC heap after
{Heap after GC invocations=1166 (full 4):
 PSYoungGen      total 8704K, used 224K [0x00000000d5580000, 0x00000000d6180000, 0x0000000100000000)
  eden space 8192K, 0% used [0x00000000d5580000,0x00000000d5580000,0x00000000d5d80000)
  from space 512K, 43% used [0x00000000d6100000,0x00000000d6138000,0x00000000d6180000)
  to   space 512K, 0% used [0x00000000d6080000,0x00000000d6080000,0x00000000d6100000)
 ParOldGen       total 217088K, used 216909K [0x0000000080000000, 0x000000008d400000, 0x00000000d5580000)
  object space 217088K, 99% used [0x0000000080000000,0x000000008d3d3568,0x000000008d400000)
 Metaspace       used 78188K, committed 79680K, reserved 1179648K
  class space    used 7065K, committed 7872K, reserved 1048576K
}
Event: 556394.218 GC heap before
{Heap before GC invocations=1167 (full 4):
 PSYoungGen      total 8704K, used 8416K [0x00000000d5580000, 0x00000000d6180000, 0x0000000100000000)
  eden space 8192K, 100% used [0x00000000d5580000,0x00000000d5d80000,0x00000000d5d80000)
  from space 512K, 43% used [0x00000000d6100000,0x00000000d6138000,0x00000000d6180000)
  to   space 512K, 0% used [0x00000000d6080000,0x00000000d6080000,0x00000000d6100000)
 ParOldGen       total 217088K, used 216909K [0x0000000080000000, 0x000000008d400000, 0x00000000d5580000)
  object space 217088K, 99% used [0x0000000080000000,0x000000008d3d3568,0x000000008d400000)
 Metaspace       used 78189K, committed 79680K, reserved 1179648K
  class space    used 7065K, committed 7872K, reserved 1048576K
}
Event: 556394.363 GC heap after
{Heap after GC invocations=1167 (full 4):
 PSYoungGen      total 8704K, used 384K [0x00000000d5580000, 0x00000000d6180000, 0x0000000100000000)
  eden space 8192K, 0% used [0x00000000d5580000,0x00000000d5580000,0x00000000d5d80000)
  from space 512K, 75% used [0x00000000d6080000,0x00000000d60e0000,0x00000000d6100000)
  to   space 512K, 0% used [0x00000000d6100000,0x00000000d6100000,0x00000000d6180000)
 ParOldGen       total 217088K, used 216949K [0x0000000080000000, 0x000000008d400000, 0x00000000d5580000)
  object space 217088K, 99% used [0x0000000080000000,0x000000008d3dd568,0x000000008d400000)
 Metaspace       used 78189K, committed 79680K, reserved 1179648K
  class space    used 7065K, committed 7872K, reserved 1048576K
}
Event: 556395.599 GC heap before
{Heap before GC invocations=1168 (full 4):
 PSYoungGen      total 8704K, used 8576K [0x00000000d5580000, 0x00000000d6180000, 0x0000000100000000)
  eden space 8192K, 100% used [0x00000000d5580000,0x00000000d5d80000,0x00000000d5d80000)
  from space 512K, 75% used [0x00000000d6080000,0x00000000d60e0000,0x00000000d6100000)
  to   space 512K, 0% used [0x00000000d6100000,0x00000000d6100000,0x00000000d6180000)
 ParOldGen       total 217088K, used 216949K [0x0000000080000000, 0x000000008d400000, 0x00000000d5580000)
  object space 217088K, 99% used [0x0000000080000000,0x000000008d3dd568,0x000000008d400000)
 Metaspace       used 78189K, committed 79680K, reserved 1179648K
  class space    used 7065K, committed 7872K, reserved 1048576K
}
Event: 556395.605 GC heap after
{Heap after GC invocations=1168 (full 4):
 PSYoungGen      total 8704K, used 288K [0x00000000d5580000, 0x00000000d6180000, 0x0000000100000000)
  eden space 8192K, 0% used [0x00000000d5580000,0x00000000d5580000,0x00000000d5d80000)
  from space 512K, 56% used [0x00000000d6100000,0x00000000d6148000,0x00000000d6180000)
  to   space 512K, 0% used [0x00000000d6080000,0x00000000d6080000,0x00000000d6100000)
 ParOldGen       total 217600K, used 217137K [0x0000000080000000, 0x000000008d480000, 0x00000000d5580000)
  object space 217600K, 99% used [0x0000000080000000,0x000000008d40c578,0x000000008d480000)
 Metaspace       used 78189K, committed 79680K, reserved 1179648K
  class space    used 7065K, committed 7872K, reserved 1048576K
}

